<?xml version="1.0" encoding="UTF-8"?>
<!-- Generated by org.testng.reporters.JUnitReportReporter -->
<testsuite hostname="DESKTOP-IP80BGQ" failures="0" tests="1" name="PdfReaderTest" time="1.061" errors="0" timestamp="2021-09-24T09:05:52 IST" skipped="0">
  <testcase classname="PdfReaderTest" name="readPDFTest" time="1.061"/>
  <system-out/>
</testsuite> <!-- PdfReaderTest -->
